1512382914870	geckodriver	INFO	geckodriver 0.19.1
1512382914881	geckodriver	INFO	Listening on 127.0.0.1:60639
1512382916948	mozrunner::runner	INFO	Running command: "C:\\Program Files\\Mozilla Firefox\\firefox.exe" "-marionette" "-profile" "C:\\Users\\ROMAN~1.BIH\\AppData\\Local\\Temp\\rust_mozprofile.9lUwGlNkDcTu"
1512382918644	Marionette	INFO	Enabled via --marionette
Unable to read VR Path Registry from C:\Users\roman.bihun\AppData\Local\openvr\openvrpaths.vrpath
[Child 5460, Chrome_ChildThread] WARNING: pipe error: 109: file z:/build/build/src/ipc/chromium/src/chrome/common/ipc_channel_win.cc, line 346
[Child 5460, Chrome_ChildThread] WARNING: pipe error: 109: file z:/build/build/src/ipc/chromium/src/chrome/common/ipc_channel_win.cc, line 346
1512382920716	Marionette	INFO	Listening on port 60645
1512382921084	Marionette	WARN	TLS certificate errors will be ignored for this session
1512382921135	Marionette	DEBUG	Register listener.js for window 4294967297
1512382921158	Marionette	DEBUG	Received DOM event "beforeunload" for "about:blank"
1512382921531	Marionette	DEBUG	Received DOM event "pagehide" for "about:blank"
1512382921531	Marionette	DEBUG	Received DOM event "unload" for "about:blank"
Unable to read VR Path Registry from C:\Users\roman.bihun\AppData\Local\openvr\openvrpaths.vrpath
JavaScript warning: http://ru.wargaming.net/static/1.46.1/plugins/jquery/jquery-1.10.2.min.js, line 1: Using //@ to indicate sourceMappingURL pragmas is deprecated. Use //# instead
1512382926124	Marionette	DEBUG	Received DOM event "DOMContentLoaded" for "http://ru.wargaming.net/"
1512382926648	Marionette	DEBUG	Received DOM event "pageshow" for "http://ru.wargaming.net/"
1512382952930	Marionette	DEBUG	Received DOM event "beforeunload" for "https://worldofwarplanes.ru/"
JavaScript error: https://worldofwarplanes.ru/, line 2532: ReferenceError: UnityObject2 is not defined
1512382953396	Marionette	DEBUG	Received DOM event "pagehide" for "https://worldofwarplanes.ru/"
1512382953398	Marionette	DEBUG	Received DOM event "unload" for "https://worldofwarplanes.ru/"
1512382953564	Marionette	DEBUG	Received observer notification "outer-window-destroyed" for "4294967304"
1512382953914	Marionette	DEBUG	Received DOM event "DOMContentLoaded" for "https://ru.wargaming.net/registration/ru/?utm_source=global-nav&utm_medium=link&utm_campaign=wowp-portal"
Unable to read VR Path Registry from C:\Users\roman.bihun\AppData\Local\openvr\openvrpaths.vrpath
[Parent 7868, Gecko_IOThread] WARNING: pipe error: 109: file z:/build/build/src/ipc/chromium/src/chrome/common/ipc_channel_win.cc, line 346
1512382956388	Marionette	DEBUG	Received observer notification "outer-window-destroyed" for "4294967297"
Unable to read VR Path Registry from C:\Users\roman.bihun\AppData\Local\openvr\openvrpaths.vrpath
[Child 7516, Chrome_ChildThread] WARNING: pipe error: 109: file z:/build/build/src/ipc/chromium/src/chrome/common/ipc_channel_win.cc, line 346
*** UTM:SVC TimerManager:registerTimer called after profile-before-change notification. Ignoring timer registration for id: telemetry_modules_ping

###!!! [Child][MessageChannel::SendAndWait] Error: Channel error: cannot send/recv

1512382958176	geckodriver	INFO	geckodriver 0.19.1
1512382958187	geckodriver	INFO	Listening on 127.0.0.1:60738
1512382960254	mozrunner::runner	INFO	Running command: "C:\\Program Files\\Mozilla Firefox\\firefox.exe" "-marionette" "-profile" "C:\\Users\\ROMAN~1.BIH\\AppData\\Local\\Temp\\rust_mozprofile.MghcoYX5iSNa"
1512382961681	Marionette	INFO	Enabled via --marionette
Unable to read VR Path Registry from C:\Users\roman.bihun\AppData\Local\openvr\openvrpaths.vrpath
[Child 5088, Chrome_ChildThread] WARNING: pipe error: 109: file z:/build/build/src/ipc/chromium/src/chrome/common/ipc_channel_win.cc, line 346
[Child 5088, Chrome_ChildThread] WARNING: pipe error: 109: file z:/build/build/src/ipc/chromium/src/chrome/common/ipc_channel_win.cc, line 346
1512382963586	Marionette	INFO	Listening on port 60744
1512382963869	Marionette	WARN	TLS certificate errors will be ignored for this session
1512382963920	Marionette	DEBUG	Register listener.js for window 4294967297
1512382963938	Marionette	DEBUG	Received DOM event "beforeunload" for "about:blank"
1512382964300	Marionette	DEBUG	Received DOM event "pagehide" for "about:blank"
1512382964301	Marionette	DEBUG	Received DOM event "unload" for "about:blank"
Unable to read VR Path Registry from C:\Users\roman.bihun\AppData\Local\openvr\openvrpaths.vrpath
JavaScript warning: http://ru.wargaming.net/static/1.46.1/plugins/jquery/jquery-1.10.2.min.js, line 1: Using //@ to indicate sourceMappingURL pragmas is deprecated. Use //# instead
1512382964995	Marionette	DEBUG	Received DOM event "DOMContentLoaded" for "http://ru.wargaming.net/"
1512382966044	Marionette	DEBUG	Received DOM event "pageshow" for "http://ru.wargaming.net/"
Unable to read VR Path Registry from C:\Users\roman.bihun\AppData\Local\openvr\openvrpaths.vrpath
[Parent 16264, Gecko_IOThread] WARNING: pipe error: 109: file z:/build/build/src/ipc/chromium/src/chrome/common/ipc_channel_win.cc, line 346
[Child 14128, Chrome_ChildThread] WARNING: pipe error: 109: file z:/build/build/src/ipc/chromium/src/chrome/common/ipc_channel_win.cc, line 346
*** UTM:SVC TimerManager:registerTimer called after profile-before-change notification. Ignoring timer registration for id: telemetry_modules_ping

###!!! [Child][MessageChannel::SendAndWait] Error: Channel error: cannot send/recv

1512383011178	geckodriver	INFO	geckodriver 0.19.1
1512383011189	geckodriver	INFO	Listening on 127.0.0.1:60796
1512383013263	mozrunner::runner	INFO	Running command: "C:\\Program Files\\Mozilla Firefox\\firefox.exe" "-marionette" "-profile" "C:\\Users\\ROMAN~1.BIH\\AppData\\Local\\Temp\\rust_mozprofile.XzUUg3KQJc42"
1512383014703	Marionette	INFO	Enabled via --marionette
Unable to read VR Path Registry from C:\Users\roman.bihun\AppData\Local\openvr\openvrpaths.vrpath
[Child 2592, Chrome_ChildThread] WARNING: pipe error: 109: file z:/build/build/src/ipc/chromium/src/chrome/common/ipc_channel_win.cc, line 346
[Child 2592, Chrome_ChildThread] WARNING: pipe error: 109: file z:/build/build/src/ipc/chromium/src/chrome/common/ipc_channel_win.cc, line 346
1512383016778	Marionette	INFO	Listening on port 60802
1512383016880	Marionette	WARN	TLS certificate errors will be ignored for this session
1512383016952	Marionette	DEBUG	Register listener.js for window 4294967297
1512383016979	Marionette	DEBUG	Received DOM event "beforeunload" for "about:blank"
1512383017350	Marionette	DEBUG	Received DOM event "pagehide" for "about:blank"
1512383017350	Marionette	DEBUG	Received DOM event "unload" for "about:blank"
Unable to read VR Path Registry from C:\Users\roman.bihun\AppData\Local\openvr\openvrpaths.vrpath
JavaScript warning: http://ru.wargaming.net/static/1.46.1/plugins/jquery/jquery-1.10.2.min.js, line 1: Using //@ to indicate sourceMappingURL pragmas is deprecated. Use //# instead
1512383018107	Marionette	DEBUG	Received DOM event "DOMContentLoaded" for "http://ru.wargaming.net/"
1512383018992	Marionette	DEBUG	Received DOM event "pageshow" for "http://ru.wargaming.net/"
[Child 4004, Chrome_ChildThread] WARNING: pipe error: 109: file z:/build/build/src/ipc/chromium/src/chrome/common/ipc_channel_win.cc, line 346
[Child 4004, Chrome_ChildThread] WARNING: pipe error: 109: file z:/build/build/src/ipc/chromium/src/chrome/common/ipc_channel_win.cc, line 346
Unable to read VR Path Registry from C:\Users\roman.bihun\AppData\Local\openvr\openvrpaths.vrpath
[Child 14816, Chrome_ChildThread] WARNING: pipe error: 109: file z:/build/build/src/ipc/chromium/src/chrome/common/ipc_channel_win.cc, line 346
[Child 14816, Chrome_ChildThread] WARNING: pipe error: 109: file z:/build/build/src/ipc/chromium/src/chrome/common/ipc_channel_win.cc, line 346
*** UTM:SVC TimerManager:registerTimer called after profile-before-change notification. Ignoring timer registration for id: telemetry_modules_ping

###!!! [Child][MessageChannel::SendAndWait] Error: Channel error: cannot send/recv

Unable to read VR Path Registry from C:\Users\roman.bihun\AppData\Local\openvr\openvrpaths.vrpath
1512383053719	geckodriver	INFO	geckodriver 0.19.1
1512383053730	geckodriver	INFO	Listening on 127.0.0.1:60854
1512383055812	mozrunner::runner	INFO	Running command: "C:\\Program Files\\Mozilla Firefox\\firefox.exe" "-marionette" "-profile" "C:\\Users\\ROMAN~1.BIH\\AppData\\Local\\Temp\\rust_mozprofile.0CZtvUU1kovz"
1512383057261	Marionette	INFO	Enabled via --marionette
Unable to read VR Path Registry from C:\Users\roman.bihun\AppData\Local\openvr\openvrpaths.vrpath
[Parent 2280, Gecko_IOThread] WARNING: pipe error: 109: file z:/build/build/src/ipc/chromium/src/chrome/common/ipc_channel_win.cc, line 346
1512383059397	Marionette	INFO	Listening on port 60860
1512383059458	Marionette	WARN	TLS certificate errors will be ignored for this session
1512383059557	Marionette	DEBUG	Register listener.js for window 4294967297
1512383059615	Marionette	DEBUG	Received DOM event "beforeunload" for "about:blank"
1512383060015	Marionette	DEBUG	Received DOM event "pagehide" for "about:blank"
1512383060016	Marionette	DEBUG	Received DOM event "unload" for "about:blank"
Unable to read VR Path Registry from C:\Users\roman.bihun\AppData\Local\openvr\openvrpaths.vrpath
JavaScript warning: http://ru.wargaming.net/static/1.46.1/plugins/jquery/jquery-1.10.2.min.js, line 1: Using //@ to indicate sourceMappingURL pragmas is deprecated. Use //# instead
1512383060755	Marionette	DEBUG	Received DOM event "DOMContentLoaded" for "http://ru.wargaming.net/"
1512383065853	Marionette	DEBUG	Received DOM event "pageshow" for "http://ru.wargaming.net/"
Marionette threw an error: [Exception... "Component returned failure code: 0x80070057 (NS_ERROR_ILLEGAL_VALUE) [nsIMessageSender.sendAsyncMessage]"  nsresult: "0x80070057 (NS_ERROR_ILLEGAL_VALUE)"  location: "JS frame :: chrome://marionette/content/proxy.js :: sendReply_ :: line 276"  data: no]
sendReply_@chrome://marionette/content/proxy.js:276:5
reply@chrome://marionette/content/proxy.js:256:7
sendToServer@chrome://marionette/content/listener.js:734:3
sendError@chrome://marionette/content/listener.js:768:3
dispatch/</<@chrome://marionette/content/listener.js:532:40

[Parent 2280, Gecko_IOThread] WARNING: pipe error: 109: file z:/build/build/src/ipc/chromium/src/chrome/common/ipc_channel_win.cc, line 346
Unable to read VR Path Registry from C:\Users\roman.bihun\AppData\Local\openvr\openvrpaths.vrpath
[Child 8516, Chrome_ChildThread] WARNING: pipe error: 109: file z:/build/build/src/ipc/chromium/src/chrome/common/ipc_channel_win.cc, line 346
[Child 8516, Chrome_ChildThread] WARNING: pipe error: 109: file z:/build/build/src/ipc/chromium/src/chrome/common/ipc_channel_win.cc, line 346
*** UTM:SVC TimerManager:registerTimer called after profile-before-change notification. Ignoring timer registration for id: telemetry_modules_ping

###!!! [Child][MessageChannel::SendAndWait] Error: Channel error: cannot send/recv

1512383091806	geckodriver	INFO	geckodriver 0.19.1
1512383091817	geckodriver	INFO	Listening on 127.0.0.1:60915
1512383093890	mozrunner::runner	INFO	Running command: "C:\\Program Files\\Mozilla Firefox\\firefox.exe" "-marionette" "-profile" "C:\\Users\\ROMAN~1.BIH\\AppData\\Local\\Temp\\rust_mozprofile.TKyyid0jGVai"
1512383095344	Marionette	INFO	Enabled via --marionette
Unable to read VR Path Registry from C:\Users\roman.bihun\AppData\Local\openvr\openvrpaths.vrpath
[Child 164, Chrome_ChildThread] WARNING: pipe error: 109: file z:/build/build/src/ipc/chromium/src/chrome/common/ipc_channel_win.cc, line 346
[Child 164, Chrome_ChildThread] WARNING: pipe error: 109: file z:/build/build/src/ipc/chromium/src/chrome/common/ipc_channel_win.cc, line 346
1512383097646	Marionette	INFO	Listening on port 60921
1512383098010	Marionette	WARN	TLS certificate errors will be ignored for this session
1512383098049	Marionette	DEBUG	Register listener.js for window 4294967297
1512383098066	Marionette	DEBUG	Received DOM event "beforeunload" for "about:blank"
1512383098427	Marionette	DEBUG	Received DOM event "pagehide" for "about:blank"
1512383098428	Marionette	DEBUG	Received DOM event "unload" for "about:blank"
Unable to read VR Path Registry from C:\Users\roman.bihun\AppData\Local\openvr\openvrpaths.vrpath
JavaScript warning: http://ru.wargaming.net/static/1.46.1/plugins/jquery/jquery-1.10.2.min.js, line 1: Using //@ to indicate sourceMappingURL pragmas is deprecated. Use //# instead
1512383099216	Marionette	DEBUG	Received DOM event "DOMContentLoaded" for "http://ru.wargaming.net/"
1512383102359	Marionette	DEBUG	Received DOM event "pageshow" for "http://ru.wargaming.net/"
JavaScript warning: http://ru.wargaming.net/static/1.46.1/plugins/jquery/jquery-1.10.2.min.js, line 1: Using //@ to indicate sourceMappingURL pragmas is deprecated. Use //# instead
Unable to read VR Path Registry from C:\Users\roman.bihun\AppData\Local\openvr\openvrpaths.vrpath
[Parent 16336, Gecko_IOThread] WARNING: pipe error: 109: file z:/build/build/src/ipc/chromium/src/chrome/common/ipc_channel_win.cc, line 346
[Parent 16336, Gecko_IOThread] WARNING: pipe error: 109: file z:/build/build/src/ipc/chromium/src/chrome/common/ipc_channel_win.cc, line 346
[Child 13280, Chrome_ChildThread] WARNING: pipe error: 109: file z:/build/build/src/ipc/chromium/src/chrome/common/ipc_channel_win.cc, line 346
[Child 13280, Chrome_ChildThread] WARNING: pipe error: 109: file z:/build/build/src/ipc/chromium/src/chrome/common/ipc_channel_win.cc, line 346

###!!! [Child][MessageChannel::SendAndWait] Error: Channel error: cannot send/recv

1512383170914	Marionette	INFO	Listening on port 60997
1512383170968	Marionette	WARN	TLS certificate errors will be ignored for this session
1512383171122	Marionette	DEBUG	Register listener.js for window 4294967297
1512383171148	Marionette	DEBUG	Received DOM event "beforeunload" for "about:blank"
1512383171590	Marionette	DEBUG	Received DOM event "pagehide" for "about:blank"
1512383171591	Marionette	DEBUG	Received DOM event "unload" for "about:blank"
Unable to read VR Path Registry from C:\Users\roman.bihun\AppData\Local\openvr\openvrpaths.vrpath
JavaScript warning: http://ru.wargaming.net/static/1.46.1/plugins/jquery/jquery-1.10.2.min.js, line 1: Using //@ to indicate sourceMappingURL pragmas is deprecated. Use //# instead
1512383172478	Marionette	DEBUG	Received DOM event "DOMContentLoaded" for "http://ru.wargaming.net/"
1512383173169	Marionette	DEBUG	Received DOM event "pageshow" for "http://ru.wargaming.net/"
1512383173425	Marionette	DEBUG	Received DOM event "beforeunload" for "http://ru.wargaming.net/"
1512383174160	Marionette	DEBUG	Received DOM event "pagehide" for "http://ru.wargaming.net/"
1512383174160	Marionette	DEBUG	Received DOM event "unload" for "http://ru.wargaming.net/"
1512383174292	Marionette	DEBUG	Received observer notification "outer-window-destroyed" for "4294967301"
1512383174857	Marionette	DEBUG	Received DOM event "DOMContentLoaded" for "https://ru.wargaming.net/registration/uk/?utm_campaign=cmenu_direct&sid=SID5Ou_Satl3Hcw6_uEkd-cFJ1wu4WBySjgBrpLNx0J4WCGENkztxS-lCA2Z37Us7zNTBQDeeAegOrqEqluNbVgnxu2A2ChZ-B0cVl1ZxNuG6a8i19Ay9E-v-lTHN9NxJddUzQxuOrReXRIY0v8_dj3u1KBzcpyAEXa93MyfgDp8GPcqdWvYjTa_B3XSSwK4I8UHNI&utm_medium=5211&utm_source=wotcpu&lpsn=WGN+Reg+Full"
Unable to read VR Path Registry from C:\Users\roman.bihun\AppData\Local\openvr\openvrpaths.vrpath
[Parent 2056, Gecko_IOThread] WARNING: pipe error: 109: file z:/build/build/src/ipc/chromium/src/chrome/common/ipc_channel_win.cc, line 346
[Parent 2056, Gecko_IOThread] WARNING: pipe error: 109: file z:/build/build/src/ipc/chromium/src/chrome/common/ipc_channel_win.cc, line 346
1512383178381	Marionette	DEBUG	Received observer notification "outer-window-destroyed" for "4294967297"
[Parent 2056, Gecko_IOThread] WARNING: pipe error: 109: file z:/build/build/src/ipc/chromium/src/chrome/common/ipc_channel_win.cc, line 346
*** UTM:SVC TimerManager:registerTimer called after profile-before-change notification. Ignoring timer registration for id: telemetry_modules_ping
Unable to read VR Path Registry from C:\Users\roman.bihun\AppData\Local\openvr\openvrpaths.vrpath
[GPU 7496, Chrome_ChildThread] WARNING: pipe error: 109: file z:/build/build/src/ipc/chromium/src/chrome/common/ipc_channel_win.cc, line 346

###!!! [Child][MessageChannel::SendAndWait] Error: Channel error: cannot send/recv

1512383289333	geckodriver	INFO	geckodriver 0.19.1
1512383289343	geckodriver	INFO	Listening on 127.0.0.1:61070
1512383291414	mozrunner::runner	INFO	Running command: "C:\\Program Files\\Mozilla Firefox\\firefox.exe" "-marionette" "-profile" "C:\\Users\\ROMAN~1.BIH\\AppData\\Local\\Temp\\rust_mozprofile.jUuUBs7jPM83"
1512383292863	Marionette	INFO	Enabled via --marionette
Unable to read VR Path Registry from C:\Users\roman.bihun\AppData\Local\openvr\openvrpaths.vrpath
[Child 8800, Chrome_ChildThread] WARNING: pipe error: 109: file z:/build/build/src/ipc/chromium/src/chrome/common/ipc_channel_win.cc, line 346
[Child 8800, Chrome_ChildThread] WARNING: pipe error: 109: file z:/build/build/src/ipc/chromium/src/chrome/common/ipc_channel_win.cc, line 346
1512383294743	Marionette	INFO	Listening on port 61076
1512383295033	Marionette	WARN	TLS certificate errors will be ignored for this session
1512383295098	Marionette	DEBUG	Register listener.js for window 4294967297
1512383295122	Marionette	DEBUG	Received DOM event "beforeunload" for "about:blank"
1512383295494	Marionette	DEBUG	Received DOM event "pagehide" for "about:blank"
1512383295494	Marionette	DEBUG	Received DOM event "unload" for "about:blank"
Unable to read VR Path Registry from C:\Users\roman.bihun\AppData\Local\openvr\openvrpaths.vrpath
JavaScript warning: http://ru.wargaming.net/static/1.46.1/plugins/jquery/jquery-1.10.2.min.js, line 1: Using //@ to indicate sourceMappingURL pragmas is deprecated. Use //# instead
1512383300554	Marionette	DEBUG	Received DOM event "DOMContentLoaded" for "http://ru.wargaming.net/"
1512383301108	Marionette	DEBUG	Received DOM event "pageshow" for "http://ru.wargaming.net/"
Unable to read VR Path Registry from C:\Users\roman.bihun\AppData\Local\openvr\openvrpaths.vrpath
[Parent 3728, Gecko_IOThread] WARNING: pipe error: 109: file z:/build/build/src/ipc/chromium/src/chrome/common/ipc_channel_win.cc, line 346
[Parent 3728, Gecko_IOThread] WARNING: pipe error: 109: file z:/build/build/src/ipc/chromium/src/chrome/common/ipc_channel_win.cc, line 346
Unable to read VR Path Registry from C:\Users\roman.bihun\AppData\Local\openvr\openvrpaths.vrpath
[Child 14288, Chrome_ChildThread] WARNING: pipe error: 109: file z:/build/build/src/ipc/chromium/src/chrome/common/ipc_channel_win.cc, line 346
*** UTM:SVC TimerManager:registerTimer called after profile-before-change notification. Ignoring timer registration for id: telemetry_modules_ping

###!!! [Child][MessageChannel::SendAndWait] Error: Channel error: cannot send/recv

1512384232213	geckodriver	INFO	geckodriver 0.19.1
1512384232223	geckodriver	INFO	Listening on 127.0.0.1:53992
1512384234295	mozrunner::runner	INFO	Running command: "C:\\Program Files\\Mozilla Firefox\\firefox.exe" "-marionette" "-profile" "C:\\Users\\ROMAN~1.BIH\\AppData\\Local\\Temp\\rust_mozprofile.sJgYo7gpbNTW"
1512384235879	Marionette	INFO	Enabled via --marionette
Unable to read VR Path Registry from C:\Users\roman.bihun\AppData\Local\openvr\openvrpaths.vrpath
[Child 16224, Chrome_ChildThread] WARNING: pipe error: 109: file z:/build/build/src/ipc/chromium/src/chrome/common/ipc_channel_win.cc, line 346
[Child 16224, Chrome_ChildThread] WARNING: pipe error: 109: file z:/build/build/src/ipc/chromium/src/chrome/common/ipc_channel_win.cc, line 346
1512384237737	Marionette	INFO	Listening on port 53998
1512384237920	Marionette	WARN	TLS certificate errors will be ignored for this session
1512384237983	Marionette	DEBUG	Register listener.js for window 4294967297
1512384238013	Marionette	DEBUG	Received DOM event "beforeunload" for "about:blank"
1512384238103	Marionette	DEBUG	Received DOM event "pagehide" for "about:blank"
1512384238103	Marionette	DEBUG	Received DOM event "unload" for "about:blank"
1512384238172	Marionette	DEBUG	Received DOM event "DOMContentLoaded" for "http://rozetka.com.ua/"
1512384238177	Marionette	DEBUG	Received DOM event "pageshow" for "http://rozetka.com.ua/"
Unable to read VR Path Registry from C:\Users\roman.bihun\AppData\Local\openvr\openvrpaths.vrpath
[Child 14384, Chrome_ChildThread] WARNING: pipe error: 109: file z:/build/build/src/ipc/chromium/src/chrome/common/ipc_channel_win.cc, line 346
*** UTM:SVC TimerManager:registerTimer called after profile-before-change notification. Ignoring timer registration for id: telemetry_modules_ping

###!!! [Child][MessageChannel::SendAndWait] Error: Channel error: cannot send/recv

Unable to read VR Path Registry from C:\Users\roman.bihun\AppData\Local\openvr\openvrpaths.vrpath
1512384261870	geckodriver	INFO	geckodriver 0.19.1
1512384261880	geckodriver	INFO	Listening on 127.0.0.1:54122
1512384263962	mozrunner::runner	INFO	Running command: "C:\\Program Files\\Mozilla Firefox\\firefox.exe" "-marionette" "-profile" "C:\\Users\\ROMAN~1.BIH\\AppData\\Local\\Temp\\rust_mozprofile.FsiGlT4Ib5GM"
1512384265384	Marionette	INFO	Enabled via --marionette
Unable to read VR Path Registry from C:\Users\roman.bihun\AppData\Local\openvr\openvrpaths.vrpath
[Child 9412, Chrome_ChildThread] WARNING: pipe error: 109: file z:/build/build/src/ipc/chromium/src/chrome/common/ipc_channel_win.cc, line 346
[Child 9412, Chrome_ChildThread] WARNING: pipe error: 109: file z:/build/build/src/ipc/chromium/src/chrome/common/ipc_channel_win.cc, line 346
1512384267263	Marionette	INFO	Listening on port 54128
1512384267578	Marionette	WARN	TLS certificate errors will be ignored for this session
1512384267645	Marionette	DEBUG	Register listener.js for window 4294967297
1512384267672	Marionette	DEBUG	Received DOM event "beforeunload" for "about:blank"
1512384269237	Marionette	DEBUG	Received DOM event "pagehide" for "about:blank"
1512384269237	Marionette	DEBUG	Received DOM event "unload" for "about:blank"
1512384269284	Marionette	DEBUG	Received DOM event "DOMContentLoaded" for "https://rozetka.com.ua/"
1512384269288	Marionette	DEBUG	Received DOM event "pageshow" for "https://rozetka.com.ua/"
IPDL protocol error: Handler returned error code!

###!!! [Parent][DispatchAsyncMessage] Error: PLayerTransaction::Msg_ReleaseLayer Processing error: message was deserialized, but the handler returned false (indicating failure)

IPDL protocol error: Handler returned error code!

###!!! [Parent][DispatchAsyncMessage] Error: PLayerTransaction::Msg_ReleaseLayer Processing error: message was deserialized, but the handler returned false (indicating failure)

*** UTM:SVC TimerManager:registerTimer called after profile-before-change notification. Ignoring timer registration for id: telemetry_modules_ping

###!!! [Child][MessageChannel::SendAndWait] Error: Channel error: cannot send/recv

Unable to read VR Path Registry from C:\Users\roman.bihun\AppData\Local\openvr\openvrpaths.vrpath
1512384319029	geckodriver	INFO	geckodriver 0.19.1
1512384319042	geckodriver	INFO	Listening on 127.0.0.1:54678
1512384321115	mozrunner::runner	INFO	Running command: "C:\\Program Files\\Mozilla Firefox\\firefox.exe" "-marionette" "-profile" "C:\\Users\\ROMAN~1.BIH\\AppData\\Local\\Temp\\rust_mozprofile.jnS6I81dHKmb"
1512384322558	Marionette	INFO	Enabled via --marionette
Unable to read VR Path Registry from C:\Users\roman.bihun\AppData\Local\openvr\openvrpaths.vrpath
[Child 8512, Chrome_ChildThread] WARNING: pipe error: 109: file z:/build/build/src/ipc/chromium/src/chrome/common/ipc_channel_win.cc, line 346
[Child 8512, Chrome_ChildThread] WARNING: pipe error: 109: file z:/build/build/src/ipc/chromium/src/chrome/common/ipc_channel_win.cc, line 346
1512384324499	Marionette	INFO	Listening on port 54684
1512384324746	Marionette	WARN	TLS certificate errors will be ignored for this session
1512384324825	Marionette	DEBUG	Register listener.js for window 4294967297
1512384324872	Marionette	DEBUG	Received DOM event "beforeunload" for "about:blank"
1512384329093	Marionette	DEBUG	Received DOM event "pagehide" for "about:blank"
1512384329094	Marionette	DEBUG	Received DOM event "unload" for "about:blank"
Unable to read VR Path Registry from C:\Users\roman.bihun\AppData\Local\openvr\openvrpaths.vrpath
JavaScript warning: http://ru.wargaming.net/static/1.46.1/plugins/jquery/jquery-1.10.2.min.js, line 1: Using //@ to indicate sourceMappingURL pragmas is deprecated. Use //# instead
1512384335652	Marionette	DEBUG	Received DOM event "DOMContentLoaded" for "http://ru.wargaming.net/"
1512384344230	Marionette	DEBUG	Received DOM event "pageshow" for "http://ru.wargaming.net/"
Unable to read VR Path Registry from C:\Users\roman.bihun\AppData\Local\openvr\openvrpaths.vrpath
[Parent 7600, Gecko_IOThread] WARNING: pipe error: 109: file z:/build/build/src/ipc/chromium/src/chrome/common/ipc_channel_win.cc, line 346
Unable to read VR Path Registry from C:\Users\roman.bihun\AppData\Local\openvr\openvrpaths.vrpath
[Child 14192, Chrome_ChildThread] WARNING: pipe error: 109: file z:/build/build/src/ipc/chromium/src/chrome/common/ipc_channel_win.cc, line 346
[Child 14192, Chrome_ChildThread] WARNING: pipe error: 109: file z:/build/build/src/ipc/chromium/src/chrome/common/ipc_channel_win.cc, line 346
*** UTM:SVC TimerManager:registerTimer called after profile-before-change notification. Ignoring timer registration for id: telemetry_modules_ping

###!!! [Child][MessageChannel::SendAndWait] Error: Channel error: cannot send/recv

1512384487358	geckodriver	INFO	geckodriver 0.19.1
1512384487369	geckodriver	INFO	Listening on 127.0.0.1:54743
1512384489453	mozrunner::runner	INFO	Running command: "C:\\Program Files\\Mozilla Firefox\\firefox.exe" "-marionette" "-profile" "C:\\Users\\ROMAN~1.BIH\\AppData\\Local\\Temp\\rust_mozprofile.1FApzZA4ptFs"
1512384491001	Marionette	INFO	Enabled via --marionette
Unable to read VR Path Registry from C:\Users\roman.bihun\AppData\Local\openvr\openvrpaths.vrpath
[Child 11832, Chrome_ChildThread] WARNING: pipe error: 109: file z:/build/build/src/ipc/chromium/src/chrome/common/ipc_channel_win.cc, line 346
[Child 11832, Chrome_ChildThread] WARNING: pipe error: 109: file z:/build/build/src/ipc/chromium/src/chrome/common/ipc_channel_win.cc, line 346
1512384493192	Marionette	INFO	Listening on port 54749
1512384493576	Marionette	WARN	TLS certificate errors will be ignored for this session
1512384493615	Marionette	DEBUG	Register listener.js for window 4294967297
1512384493633	Marionette	DEBUG	Received DOM event "beforeunload" for "about:blank"
1512384493994	Marionette	DEBUG	Received DOM event "pagehide" for "about:blank"
1512384493994	Marionette	DEBUG	Received DOM event "unload" for "about:blank"
1512384494003	Marionette	DEBUG	Received DOM event "pageshow" for "http://wargaming.com/en/careers/vacancies/"
1512384494007	Marionette	DEBUG	Received DOM event "DOMContentLoaded" for "http://wargaming.com/en/careers/vacancies/"
1512384495180	Marionette	DEBUG	Received DOM event "DOMContentLoaded" for "http://wargaming.com/en/careers/"
1512384499962	Marionette	DEBUG	Received DOM event "pageshow" for "http://wargaming.com/en/careers/"
*** UTM:SVC TimerManager:registerTimer called after profile-before-change notification. Ignoring timer registration for id: telemetry_modules_ping

###!!! [Child][MessageChannel::SendAndWait] Error: Channel error: cannot send/recv

Unable to read VR Path Registry from C:\Users\roman.bihun\AppData\Local\openvr\openvrpaths.vrpath
1512385310896	geckodriver	INFO	geckodriver 0.19.1
1512385310906	geckodriver	INFO	Listening on 127.0.0.1:63257
1512385312977	mozrunner::runner	INFO	Running command: "C:\\Program Files\\Mozilla Firefox\\firefox.exe" "-marionette" "-profile" "C:\\Users\\ROMAN~1.BIH\\AppData\\Local\\Temp\\rust_mozprofile.ZJQokCDv5dHP"
1512385314427	Marionette	INFO	Enabled via --marionette
Unable to read VR Path Registry from C:\Users\roman.bihun\AppData\Local\openvr\openvrpaths.vrpath
[Child 14552, Chrome_ChildThread] WARNING: pipe error: 109: file z:/build/build/src/ipc/chromium/src/chrome/common/ipc_channel_win.cc, line 346
[Child 14552, Chrome_ChildThread] WARNING: pipe error: 109: file z:/build/build/src/ipc/chromium/src/chrome/common/ipc_channel_win.cc, line 346
1512385316427	Marionette	INFO	Listening on port 63267
1512385316598	Marionette	WARN	TLS certificate errors will be ignored for this session
1512385316666	Marionette	DEBUG	Register listener.js for window 4294967297
1512385316693	Marionette	DEBUG	Received DOM event "beforeunload" for "about:blank"
1512385317166	Marionette	DEBUG	Received DOM event "pagehide" for "about:blank"
1512385317166	Marionette	DEBUG	Received DOM event "unload" for "about:blank"
1512385318487	Marionette	DEBUG	Received DOM event "DOMContentLoaded" for "https://rozetka.com.ua/mobile-phones/c80003/preset=mob-phones/"
1512385320933	Marionette	DEBUG	Received observer notification "outer-window-destroyed" for "4294967314"
1512385326164	Marionette	DEBUG	Received DOM event "pageshow" for "https://rozetka.com.ua/mobile-phones/c80003/preset=mob-phones/"
Unable to read VR Path Registry from C:\Users\roman.bihun\AppData\Local\openvr\openvrpaths.vrpath
[Parent 5988, Gecko_IOThread] WARNING: pipe error: 109: file z:/build/build/src/ipc/chromium/src/chrome/common/ipc_channel_win.cc, line 346
[Parent 5988, Gecko_IOThread] WARNING: pipe error: 109: file z:/build/build/src/ipc/chromium/src/chrome/common/ipc_channel_win.cc, line 346
*** UTM:SVC TimerManager:registerTimer called after profile-before-change notification. Ignoring timer registration for id: telemetry_modules_ping

###!!! [Child][MessageChannel::SendAndWait] Error: Channel error: cannot send/recv

1512385389614	geckodriver	INFO	geckodriver 0.19.1
1512385389625	geckodriver	INFO	Listening on 127.0.0.1:63496
1512385391697	mozrunner::runner	INFO	Running command: "C:\\Program Files\\Mozilla Firefox\\firefox.exe" "-marionette" "-profile" "C:\\Users\\ROMAN~1.BIH\\AppData\\Local\\Temp\\rust_mozprofile.vYQ6X8AxXpwK"
1512385393177	Marionette	INFO	Enabled via --marionette
Unable to read VR Path Registry from C:\Users\roman.bihun\AppData\Local\openvr\openvrpaths.vrpath
[Child 5780, Chrome_ChildThread] WARNING: pipe error: 109: file z:/build/build/src/ipc/chromium/src/chrome/common/ipc_channel_win.cc, line 346
[Child 5780, Chrome_ChildThread] WARNING: pipe error: 109: file z:/build/build/src/ipc/chromium/src/chrome/common/ipc_channel_win.cc, line 346
1512385395048	Marionette	INFO	Listening on port 63504
1512385395318	Marionette	WARN	TLS certificate errors will be ignored for this session
1512385395364	Marionette	DEBUG	Register listener.js for window 4294967297
1512385395386	Marionette	DEBUG	Received DOM event "beforeunload" for "about:blank"
1512385398218	Marionette	DEBUG	Received DOM event "pagehide" for "about:blank"
1512385398218	Marionette	DEBUG	Received DOM event "unload" for "about:blank"
1512385399303	Marionette	DEBUG	Received DOM event "DOMContentLoaded" for "https://rozetka.com.ua/mobile-phones/c80003/preset=mob-phones/"
1512385403516	Marionette	DEBUG	Received observer notification "outer-window-destroyed" for "4294967321"
1512385403550	Marionette	DEBUG	Received DOM event "pageshow" for "https://rozetka.com.ua/mobile-phones/c80003/preset=mob-phones/"
Unable to read VR Path Registry from C:\Users\roman.bihun\AppData\Local\openvr\openvrpaths.vrpath
[Child 4508, Chrome_ChildThread] WARNING: pipe error: 109: file z:/build/build/src/ipc/chromium/src/chrome/common/ipc_channel_win.cc, line 346
[Child 4508, Chrome_ChildThread] WARNING: pipe error: 109: file z:/build/build/src/ipc/chromium/src/chrome/common/ipc_channel_win.cc, line 346
Unable to read VR Path Registry from C:\Users\roman.bihun\AppData\Local\openvr\openvrpaths.vrpath
[Child 13004, Chrome_ChildThread] WARNING: pipe error: 109: file z:/build/build/src/ipc/chromium/src/chrome/common/ipc_channel_win.cc, line 346
[Child 13004, Chrome_ChildThread] WARNING: pipe error: 109: file z:/build/build/src/ipc/chromium/src/chrome/common/ipc_channel_win.cc, line 346
Unable to read VR Path Registry from C:\Users\roman.bihun\AppData\Local\openvr\openvrpaths.vrpath
[GPU 4424, Chrome_ChildThread] WARNING: pipe error: 109: file z:/build/build/src/ipc/chromium/src/chrome/common/ipc_channel_win.cc, line 346

###!!! [Child][MessageChannel::SendAndWait] Error: Channel error: cannot send/recv

Unable to read VR Path Registry from C:\Users\roman.bihun\AppData\Local\openvr\openvrpaths.vrpath
	DEBUG	Received observer notification "outer-window-destroyed" for "4294967303"
1512385806442	Marionette	DEBUG	Received observer notification "outer-window-destroyed" for "4294967302"
1512385806442	Marionette	DEBUG	Received observer notification "outer-window-destroyed" for "4294967301"
1512385806443	Marionette	DEBUG	Received observer notification "outer-window-destroyed" for "4294967313"
1512385806443	Marionette	DEBUG	Received observer notification "outer-window-destroyed" for "4294967314"
1512385806443	Marionette	DEBUG	Received observer notification "outer-window-destroyed" for "4294967321"
1512385806444	Marionette	DEBUG	Received observer notification "outer-window-destroyed" for "4294967323"
1512385806444	Marionette	DEBUG	Received observer notification "outer-window-destroyed" for "4294967297"
Unable to read VR Path Registry from C:\Users\roman.bihun\AppData\Local\openvr\openvrpaths.vrpath
[Parent 10732, Gecko_IOThread] WARNING: pipe error: 109: file z:/build/build/src/ipc/chromium/src/chrome/common/ipc_channel_win.cc, line 346
*** UTM:SVC TimerManager:registerTimer called after profile-before-change notification. Ignoring timer registration for id: telemetry_modules_ping

###!!! [Child][MessageChannel::SendAndWait] Error: Channel error: cannot send/recv

1512385835740	geckodriver	INFO	geckodriver 0.19.1
1512385835751	geckodriver	INFO	Listening on 127.0.0.1:64413
1512385837836	mozrunner::runner	INFO	Running command: "C:\\Program Files\\Mozilla Firefox\\firefox.exe" "-marionette" "-profile" "C:\\Users\\ROMAN~1.BIH\\AppData\\Local\\Temp\\rust_mozprofile.ecInfWMZpESx"
1512385839850	Marionette	INFO	Enabled via --marionette
1512385841780	Marionette	INFO	Listening on port 64424
Unable to read VR Path Registry from C:\Users\roman.bihun\AppData\Local\openvr\openvrpaths.vrpath
[Child 11068, Chrome_ChildThread] WARNING: pipe error: 109: file z:/build/build/src/ipc/chromium/src/chrome/common/ipc_channel_win.cc, line 346
[Child 11068, Chrome_ChildThread] WARNING: pipe error: 109: file z:/build/build/src/ipc/chromium/src/chrome/common/ipc_channel_win.cc, line 346
1512385841952	Marionette	WARN	TLS certificate errors will be ignored for this session
1512385842016	Marionette	DEBUG	Register listener.js for window 4294967297
1512385842052	Marionette	DEBUG	Received DOM event "beforeunload" for "about:blank"
1512385842306	Marionette	DEBUG	Received DOM event "pagehide" for "about:blank"
1512385842307	Marionette	DEBUG	Received DOM event "unload" for "about:blank"
1512385843046	Marionette	DEBUG	Received DOM event "DOMContentLoaded" for "https://rozetka.com.ua/"
1512385845235	Marionette	DEBUG	Received observer notification "outer-window-destroyed" for "4294967337"
1512385845800	Marionette	DEBUG	Received observer notification "outer-window-destroyed" for "4294967340"
1512385848986	Marionette	DEBUG	Received DOM event "pageshow" for "https://rozetka.com.ua/"
Unable to read VR Path Registry from C:\Users\roman.bihun\AppData\Local\openvr\openvrpaths.vrpath
[Child 8744, Chrome_ChildThread] WARNING: pipe error: 109: file z:/build/build/src/ipc/chromium/src/chrome/common/ipc_channel_win.cc, line 346

###!!! [Child][MessageChannel::SendAndWait] Error: Channel error: cannot send/recv

Unable to read VR Path Registry from C:\Users\roman.bihun\AppData\Local\openvr\openvrpaths.vrpath
AppData\Local\openvr\openvrpaths.vrpath
[Child 6044, Chrome_ChildThread] WARNING: pipe error: 109: file z:/build/build/src/ipc/chromium/src/chrome/common/ipc_channel_win.cc, line 346
[Child 6044, Chrome_ChildThread] WARNING: pipe error: 109: file z:/build/build/src/ipc/chromium/src/chrome/common/ipc_channel_win.cc, line 346
1512387694041	Marionette	INFO	Listening on port 53589
1512387694135	Marionette	WARN	TLS certificate errors will be ignored for this session
1512387694219	Marionette	DEBUG	Register listener.js for window 4294967297
1512387694276	Marionette	DEBUG	Received DOM event "beforeunload" for "about:blank"
1512387696352	Marionette	DEBUG	Received DOM event "pagehide" for "about:blank"
1512387696353	Marionette	DEBUG	Received DOM event "unload" for "about:blank"
1512387696400	Marionette	DEBUG	Received DOM event "DOMContentLoaded" for "https://rozetka.com.ua/"
1512387696406	Marionette	DEBUG	Received DOM event "pageshow" for "https://rozetka.com.ua/"
Unable to read VR Path Registry from C:\Users\roman.bihun\AppData\Local\openvr\openvrpaths.vrpath
[Child 6080, Chrome_ChildThread] WARNING: pipe error: 109: file z:/build/build/src/ipc/chromium/src/chrome/common/ipc_channel_win.cc, line 346
[Child 6080, Chrome_ChildThread] WARNING: pipe error: 109: file z:/build/build/src/ipc/chromium/src/chrome/common/ipc_channel_win.cc, line 346
Unable to read VR Path Registry from C:\Users\roman.bihun\AppData\Local\openvr\openvrpaths.vrpath
[Child 16328, Chrome_ChildThread] WARNING: pipe error: 109: file z:/build/build/src/ipc/chromium/src/chrome/common/ipc_channel_win.cc, line 346
[Child 16328, Chrome_ChildThread] WARNING: pipe error: 109: file z:/build/build/src/ipc/chromium/src/chrome/common/ipc_channel_win.cc, line 346
IPDL protocol error: Handler returned error code!

###!!! [Parent][DispatchAsyncMessage] Error: PLayerTransaction::Msg_ReleaseLayer Processing error: message was deserialized, but the handler returned false (indicating failure)

IPDL protocol error: Handler returned error code!

###!!! [Parent][DispatchAsyncMessage] Error: PLayerTransaction::Msg_ReleaseLayer Processing error: message was deserialized, but the handler returned false (indicating failure)

IPDL protocol error: Handler returned error code!

###!!! [Parent][DispatchAsyncMessage] Error: PLayerTransaction::Msg_ReleaseLayer Processing error: message was deserialized, but the handler returned false (indicating failure)

Unable to read VR Path Registry from C:\Users\roman.bihun\AppData\Local\openvr\openvrpaths.vrpath
[Parent 9792, Gecko_IOThread] WARNING: pipe error: 109: file z:/build/build/src/ipc/chromium/src/chrome/common/ipc_channel_win.cc, line 346
Unable to read VR Path Registry from C:\Users\roman.bihun\AppData\Local\openvr\openvrpaths.vrpath
[Child 5988, Chrome_ChildThread] WARNING: pipe error: 109: file z:/build/build/src/ipc/chromium/src/chrome/common/ipc_channel_win.cc, line 346
[Child 5988, Chrome_ChildThread] WARNING: pipe error: 109: file z:/build/build/src/ipc/chromium/src/chrome/common/ipc_channel_win.cc, line 346

###!!! [Child][MessageChannel] Error: (msgtype=0x2400A8,name=PContent::Msg_ScriptError) Channel closing: too late to send/recv, messages will be lost

*** UTM:SVC TimerManager:registerTimer called after profile-before-change notification. Ignoring timer registration for id: telemetry_modules_ping

###!!! [Child][MessageChannel::SendAndWait] Error: Channel error: cannot send/recv

1512388117883	geckodriver	INFO	geckodriver 0.19.1
1512388117894	geckodriver	INFO	Listening on 127.0.0.1:62237
1512388119965	mozrunner::runner	INFO	Running command: "C:\\Program Files\\Mozilla Firefox\\firefox.exe" "-marionette" "-profile" "C:\\Users\\ROMAN~1.BIH\\AppData\\Local\\Temp\\rust_mozprofile.tAqeg0ty6Dvz"
1512388121367	Marionette	INFO	Enabled via --marionette
Unable to read VR Path Registry from C:\Users\roman.bihun\AppData\Local\openvr\openvrpaths.vrpath
[Child 10152, Chrome_ChildThread] WARNING: pipe error: 109: file z:/build/build/src/ipc/chromium/src/chrome/common/ipc_channel_win.cc, line 346
[Child 10152, Chrome_ChildThread] WARNING: pipe error: 109: file z:/build/build/src/ipc/chromium/src/chrome/common/ipc_channel_win.cc, line 346
1512388123084	Marionette	INFO	Listening on port 62243
1512388123105	Marionette	WARN	TLS certificate errors will be ignored for this session
1512388123275	Marionette	DEBUG	Register listener.js for window 4294967297
1512388123298	Marionette	DEBUG	Received DOM event "beforeunload" for "about:blank"
1512388125687	Marionette	DEBUG	Received DOM event "pagehide" for "about:blank"
1512388125687	Marionette	DEBUG	Received DOM event "unload" for "about:blank"
1512388126246	Marionette	DEBUG	Received DOM event "DOMContentLoaded" for "https://rozetka.com.ua/"
1512388129723	Marionette	DEBUG	Received observer notification "outer-window-destroyed" for "4294967325"
1512388130228	Marionette	DEBUG	Received observer notification "outer-window-destroyed" for "4294967343"
1512388132430	Marionette	DEBUG	Received DOM event "pageshow" for "https://rozetka.com.ua/"
1512388132583	Marionette	DEBUG	Received DOM event "beforeunload" for "https://rozetka.com.ua/"
1512388132740	Marionette	DEBUG	Received DOM event "pagehide" for "https://rozetka.com.ua/"
1512388132744	Marionette	DEBUG	Received DOM event "unload" for "https://rozetka.com.ua/"
1512388133060	Marionette	DEBUG	Received observer notification "outer-window-destroyed" for "4294967321"
1512388133060	Marionette	DEBUG	Received observer notification "outer-window-destroyed" for "4294967312"
1512388133060	Marionette	DEBUG	Received observer notification "outer-window-destroyed" for "4294967304"
1512388133060	Marionette	DEBUG	Received observer notification "outer-window-destroyed" for "4294967302"
1512388133061	Marionette	DEBUG	Received observer notification "outer-window-destroyed" for "4294967301"
1512388133061	Marionette	DEBUG	Received observer notification "outer-window-destroyed" for "4294967334"
1512388133062	Marionette	DEBUG	Received observer notification "outer-window-destroyed" for "4294967335"
1512388133064	Marionette	DEBUG	Received observer notification "outer-window-destroyed" for "4294967336"
1512388133064	Marionette	DEBUG	Received observer notification "outer-window-destroyed" for "4294967313"
1512388133064	Marionette	DEBUG	Received observer notification "outer-window-destroyed" for "4294967303"
1512388133064	Marionette	DEBUG	Received observer notification "outer-window-destroyed" for "4294967328"
1512388133065	Marionette	DEBUG	Received observer notification "outer-window-destroyed" for "4294967314"
1512388133065	Marionette	DEBUG	Received observer notification "outer-window-destroyed" for "4294967319"
1512388133065	Marionette	DEBUG	Received observer notification "outer-window-destroyed" for "4294967330"
1512388133066	Marionette	DEBUG	Received observer notification "outer-window-destroyed" for "4294967346"
1512388133066	Marionette	DEBUG	Received observer notification "outer-window-destroyed" for "4294967348"
1512388133331	Marionette	DEBUG	Received DOM event "DOMContentLoaded" for "https://rozetka.com.ua/telefony-tv-i-ehlektronika/c4627949/"
1512388133865	Marionette	DEBUG	Received DOM event "pageshow" for "https://rozetka.com.ua/telefony-tv-i-ehlektronika/c4627949/"
Unable to read VR Path Registry from C:\Users\roman.bihun\AppData\Local\openvr\openvrpaths.vrpath
[Parent 13280, Gecko_IOThread] WARNING: pipe error: 109: file z:/build/build/src/ipc/chromium/src/chrome/common/ipc_channel_win.cc, line 346
[Parent 13280, Gecko_IOThread] WARNING: pipe error: 109: file z:/build/build/src/ipc/chromium/src/chrome/common/ipc_channel_win.cc, line 346
Unable to read VR Path Registry from C:\Users\roman.bihun\AppData\Local\openvr\openvrpaths.vrpath
[Child 4932, Chrome_ChildThread] WARNING: pipe error: 109: file z:/build/build/src/ipc/chromium/src/chrome/common/ipc_channel_win.cc, line 346
[Child 4932, Chrome_ChildThread] WARNING: pipe error: 109: file z:/build/build/src/ipc/chromium/src/chrome/common/ipc_channel_win.cc, line 346

###!!! [Child][MessageChannel::SendAndWait] Error: Channel error: cannot send/recv

ild 1892, Chrome_ChildThread] WARNING: pipe error: 109: file z:/build/build/src/ipc/chromium/src/chrome/common/ipc_channel_win.cc, line 346
1512389697326	Marionette	INFO	Listening on port 55790
1512389697461	Marionette	WARN	TLS certificate errors will be ignored for this session
1512389697553	Marionette	DEBUG	Register listener.js for window 4294967297
1512389697582	Marionette	DEBUG	Received DOM event "beforeunload" for "about:blank"
1512389700051	Marionette	DEBUG	Received DOM event "pagehide" for "about:blank"
1512389700051	Marionette	DEBUG	Received DOM event "unload" for "about:blank"
1512389700645	Marionette	DEBUG	Received DOM event "DOMContentLoaded" for "https://rozetka.com.ua/"
1512389703494	Marionette	DEBUG	Received observer notification "outer-window-destroyed" for "4294967311"
1512389704482	Marionette	DEBUG	Received observer notification "outer-window-destroyed" for "4294967345"
1512389704560	Marionette	DEBUG	Received DOM event "pageshow" for "https://rozetka.com.ua/"
1512389704897	Marionette	DEBUG	Canceled page load listener because no navigation has been detected
Unable to read VR Path Registry from C:\Users\roman.bihun\AppData\Local\openvr\openvrpaths.vrpath
[Child 9072, Chrome_ChildThread] WARNING: pipe error: 109: file z:/build/build/src/ipc/chromium/src/chrome/common/ipc_channel_win.cc, line 346
*** UTM:SVC TimerManager:registerTimer called after profile-before-change notification. Ignoring timer registration for id: telemetry_modules_ping

###!!! [Child][MessageChannel::SendAndWait] Error: Channel error: cannot send/recv

1512390738252	geckodriver	INFO	geckodriver 0.19.1
1512390738262	geckodriver	INFO	Listening on 127.0.0.1:60490
1512390740344	mozrunner::runner	INFO	Running command: "C:\\Program Files\\Mozilla Firefox\\firefox.exe" "-marionette" "-profile" "C:\\Users\\ROMAN~1.BIH\\AppData\\Local\\Temp\\rust_mozprofile.Oh8zTyPHjac2"
1512390741826	Marionette	INFO	Enabled via --marionette
Unable to read VR Path Registry from C:\Users\roman.bihun\AppData\Local\openvr\openvrpaths.vrpath
[Child 9480, Chrome_ChildThread] WARNING: pipe error: 109: file z:/build/build/src/ipc/chromium/src/chrome/common/ipc_channel_win.cc, line 346
[Child 9480, Chrome_ChildThread] WARNING: pipe error: 109: file z:/build/build/src/ipc/chromium/src/chrome/common/ipc_channel_win.cc, line 346
1512390743778	Marionette	INFO	Listening on port 60496
1512390743964	Marionette	WARN	TLS certificate errors will be ignored for this session
1512390744027	Marionette	DEBUG	Register listener.js for window 4294967297
1512390744051	Marionette	DEBUG	Received DOM event "beforeunload" for "about:blank"
1512390745605	Marionette	DEBUG	Received DOM event "pagehide" for "about:blank"
1512390745605	Marionette	DEBUG	Received DOM event "unload" for "about:blank"
1512390746272	Marionette	DEBUG	Received DOM event "DOMContentLoaded" for "https://rozetka.com.ua/"
1512390748741	Marionette	DEBUG	Received observer notification "outer-window-destroyed" for "4294967335"
1512390749655	Marionette	DEBUG	Received observer notification "outer-window-destroyed" for "4294967339"
1512390750205	Marionette	DEBUG	Received DOM event "pageshow" for "https://rozetka.com.ua/"
1512390750352	Marionette	DEBUG	Received DOM event "beforeunload" for "https://rozetka.com.ua/"
1512390750488	Marionette	DEBUG	Received DOM event "pagehide" for "https://rozetka.com.ua/"
1512390750492	Marionette	DEBUG	Received DOM event "unload" for "https://rozetka.com.ua/"
1512390750818	Marionette	DEBUG	Received observer notification "outer-window-destroyed" for "4294967325"
1512390750819	Marionette	DEBUG	Received observer notification "outer-window-destroyed" for "4294967319"
1512390750819	Marionette	DEBUG	Received observer notification "outer-window-destroyed" for "4294967307"
1512390750820	Marionette	DEBUG	Received observer notification "outer-window-destroyed" for "4294967302"
1512390750820	Marionette	DEBUG	Received observer notification "outer-window-destroyed" for "4294967301"
1512390750820	Marionette	DEBUG	Received observer notification "outer-window-destroyed" for "4294967316"
1512390750820	Marionette	DEBUG	Received observer notification "outer-window-destroyed" for "4294967317"
1512390750821	Marionette	DEBUG	Received observer notification "outer-window-destroyed" for "4294967318"
1512390750821	Marionette	DEBUG	Received observer notification "outer-window-destroyed" for "4294967309"
1512390750821	Marionette	DEBUG	Received observer notification "outer-window-destroyed" for "4294967303"
1512390750822	Marionette	DEBUG	Received observer notification "outer-window-destroyed" for "4294967341"
1512390750822	Marionette	DEBUG	Received observer notification "outer-window-destroyed" for "4294967310"
1512390750822	Marionette	DEBUG	Received observer notification "outer-window-destroyed" for "4294967314"
1512390750822	Marionette	DEBUG	Received observer notification "outer-window-destroyed" for "4294967330"
1512390750823	Marionette	DEBUG	Received observer notification "outer-window-destroyed" for "4294967333"
1512390750823	Marionette	DEBUG	Received observer notification "outer-window-destroyed" for "4294967344"
1512390751073	Marionette	DEBUG	Received DOM event "DOMContentLoaded" for "https://rozetka.com.ua/telefony-tv-i-ehlektronika/c4627949/"
1512390751736	Marionette	DEBUG	Received DOM event "pageshow" for "https://rozetka.com.ua/telefony-tv-i-ehlektronika/c4627949/"
Unable to read VR Path Registry from C:\Users\roman.bihun\AppData\Local\openvr\openvrpaths.vrpath
[Parent 6140, Gecko_IOThread] WARNING: pipe error: 109: file z:/build/build/src/ipc/chromium/src/chrome/common/ipc_channel_win.cc, line 346
*** UTM:SVC TimerManager:registerTimer called after profile-before-change notification. Ignoring timer registration for id: telemetry_modules_ping

###!!! [Child][MessageChannel::SendAndWait] Error: Channel error: cannot send/recv

